0 info it worked if it ends with ok
1 verbose cli [ 'node', '/usr/local/bin/npm', 'start' ]
2 info using npm@1.1.65
3 info using node@v0.8.14
4 verbose read json /Users/ottosipe/Developer/turnip/package.json
5 verbose run-script [ 'prestart', 'start', 'poststart' ]
6 info prestart application-name@0.0.1
7 info start application-name@0.0.1
8 verbose unsafe-perm in lifecycle true
9 silly exec sh "-c" "supervisor server"
10 silly sh,-c,supervisor server,/Users/ottosipe/Developer/turnip spawning
11 info application-name@0.0.1 Failed to exec start script
12 error application-name@0.0.1 start: `supervisor server`
12 error `sh "-c" "supervisor server"` failed with 1
13 error Failed at the application-name@0.0.1 start script.
13 error This is most likely a problem with the application-name package,
13 error not with npm itself.
13 error Tell the author that this fails on your system:
13 error     supervisor server
13 error You can get their info via:
13 error     npm owner ls application-name
13 error There is likely additional logging output above.
14 error System Darwin 12.2.1
15 error command "node" "/usr/local/bin/npm" "start"
16 error cwd /Users/ottosipe/Developer/turnip
17 error node -v v0.8.14
18 error npm -v 1.1.65
19 error code ELIFECYCLE
20 verbose exit [ 1, true ]
